<?xml version="1.0" encoding="UTF-8"?>
<!-- Generated by org.testng.reporters.JUnitReportReporter -->
<testsuite skipped="0" hostname="CBBRNDAUZEDA" name="TestSecondChallenge" tests="1" failures="0" timestamp="2021-05-23T05:14:04 BOT" time="4.287" errors="0">
  <testcase name="SecondTest" time="4.287" classname="TestSecondChallenge"/>
  <system-out/>
</testsuite> <!-- TestSecondChallenge -->
